[0m20:00:51.493466 [debug] [MainThread]: Sending event: {'category': 'dbt', 'action': 'invocation', 'label': 'start', 'context': [<snowplow_tracker.self_describing_json.SelfDescribingJson object at 0x7f399e8ef610>, <snowplow_tracker.self_describing_json.SelfDescribingJson object at 0x7f399d89f940>, <snowplow_tracker.self_describing_json.SelfDescribingJson object at 0x7f399d89f8e0>]}


============================== 20:00:51.496002 | 0b689f43-e38a-4066-996d-33ab2f9b6abe ==============================
[0m20:00:51.496002 [info ] [MainThread]: Running with dbt=1.9.4
[0m20:00:51.496505 [debug] [MainThread]: running dbt with arguments {'printer_width': '80', 'indirect_selection': 'eager', 'log_cache_events': 'False', 'write_json': 'True', 'partial_parse': 'True', 'cache_selected_only': 'False', 'warn_error': 'None', 'fail_fast': 'False', 'version_check': 'True', 'log_path': 'logs', 'profiles_dir': '/home/dduke/.dbt', 'debug': 'False', 'use_colors': 'True', 'use_experimental_parser': 'False', 'empty': 'None', 'quiet': 'False', 'no_print': 'None', 'warn_error_options': 'WarnErrorOptions(include=[], exclude=[])', 'introspect': 'True', 'invocation_command': 'dbt init', 'log_format': 'default', 'target_path': 'None', 'static_parser': 'True', 'send_anonymous_usage_stats': 'True'}
[0m20:01:01.061070 [debug] [MainThread]: Starter project path: /home/dduke/GitHub/de-zoomcamp-project/venv/lib/python3.10/site-packages/dbt/include/starter_project
[0m20:01:01.071729 [info ] [MainThread]: 
Your new dbt project "dbt_citibike" was created!

For more information on how to configure the profiles.yml file,
please consult the dbt documentation here:

  https://docs.getdbt.com/docs/configure-your-profile

One more thing:

Need help? Don't hesitate to reach out to us via GitHub issues or on Slack:

  https://community.getdbt.com/

Happy modeling!

[0m20:01:01.072332 [info ] [MainThread]: Setting up your profile.
[0m20:02:14.042319 [info ] [MainThread]: Profile dbt_citibike written to /home/dduke/.dbt/profiles.yml using target's profile_template.yml and your supplied values. Run 'dbt debug' to validate the connection.
[0m20:02:14.045712 [debug] [MainThread]: Resource report: {"command_name": "init", "command_success": true, "command_wall_clock_time": 82.6226, "process_in_blocks": "168520", "process_kernel_time": 0.389968, "process_mem_max_rss": "203748", "process_out_blocks": "80", "process_user_time": 3.653388}
[0m20:02:14.046543 [debug] [MainThread]: Command `dbt init` succeeded at 20:02:14.046382 after 82.62 seconds
[0m20:02:14.047173 [debug] [MainThread]: Sending event: {'category': 'dbt', 'action': 'invocation', 'label': 'end', 'context': [<snowplow_tracker.self_describing_json.SelfDescribingJson object at 0x7f399e8ef610>, <snowplow_tracker.self_describing_json.SelfDescribingJson object at 0x7f399d86a470>, <snowplow_tracker.self_describing_json.SelfDescribingJson object at 0x7f399d89f4f0>]}
[0m20:02:14.047673 [debug] [MainThread]: Flushing usage events
[0m20:02:14.303577 [debug] [MainThread]: An error was encountered while trying to flush usage events
[0m20:02:20.679828 [debug] [MainThread]: Sending event: {'category': 'dbt', 'action': 'invocation', 'label': 'start', 'context': [<snowplow_tracker.self_describing_json.SelfDescribingJson object at 0x7f87c5783580>, <snowplow_tracker.self_describing_json.SelfDescribingJson object at 0x7f87c47338b0>, <snowplow_tracker.self_describing_json.SelfDescribingJson object at 0x7f87c4733850>]}


============================== 20:02:20.682219 | 1601982b-6517-4562-afa5-4f9e32879bbd ==============================
[0m20:02:20.682219 [info ] [MainThread]: Running with dbt=1.9.4
[0m20:02:20.682828 [debug] [MainThread]: running dbt with arguments {'printer_width': '80', 'indirect_selection': 'eager', 'write_json': 'True', 'log_cache_events': 'False', 'partial_parse': 'True', 'cache_selected_only': 'False', 'profiles_dir': '/home/dduke/.dbt', 'fail_fast': 'False', 'version_check': 'True', 'log_path': 'logs', 'warn_error': 'None', 'debug': 'False', 'use_colors': 'True', 'use_experimental_parser': 'False', 'empty': 'None', 'quiet': 'False', 'no_print': 'None', 'warn_error_options': 'WarnErrorOptions(include=[], exclude=[])', 'introspect': 'True', 'invocation_command': 'dbt debug', 'static_parser': 'True', 'target_path': 'None', 'log_format': 'default', 'send_anonymous_usage_stats': 'True'}
[0m20:02:20.692979 [info ] [MainThread]: dbt version: 1.9.4
[0m20:02:20.693587 [info ] [MainThread]: python version: 3.10.13
[0m20:02:20.694006 [info ] [MainThread]: python path: /home/dduke/GitHub/de-zoomcamp-project/venv/bin/python
[0m20:02:20.694485 [info ] [MainThread]: os info: Linux-5.15.167.4-microsoft-standard-WSL2-x86_64-with-glibc2.35
[0m20:02:21.413990 [info ] [MainThread]: Using profiles dir at /home/dduke/.dbt
[0m20:02:21.414627 [info ] [MainThread]: Using profiles.yml file at /home/dduke/.dbt/profiles.yml
[0m20:02:21.415070 [info ] [MainThread]: Using dbt_project.yml file at /home/dduke/GitHub/de-zoomcamp-project/dbt/dbt_project.yml
[0m20:02:21.415506 [info ] [MainThread]: adapter type: bigquery
[0m20:02:21.415834 [info ] [MainThread]: adapter version: 1.9.1
[0m20:02:21.416215 [info ] [MainThread]: Configuration:
[0m20:02:21.416544 [info ] [MainThread]:   profiles.yml file [[32mOK found and valid[0m]
[0m20:02:21.416865 [info ] [MainThread]:   dbt_project.yml file [[31mERROR not found[0m]
[0m20:02:21.417179 [info ] [MainThread]: Required dependencies:
[0m20:02:21.417538 [debug] [MainThread]: Executing "git --help"
[0m20:02:21.419823 [debug] [MainThread]: STDOUT: "b"usage: git [--version] [--help] [-C <path>] [-c <name>=<value>]\n           [--exec-path[=<path>]] [--html-path] [--man-path] [--info-path]\n           [-p | --paginate | -P | --no-pager] [--no-replace-objects] [--bare]\n           [--git-dir=<path>] [--work-tree=<path>] [--namespace=<name>]\n           [--super-prefix=<path>] [--config-env=<name>=<envvar>]\n           <command> [<args>]\n\nThese are common Git commands used in various situations:\n\nstart a working area (see also: git help tutorial)\n   clone     Clone a repository into a new directory\n   init      Create an empty Git repository or reinitialize an existing one\n\nwork on the current change (see also: git help everyday)\n   add       Add file contents to the index\n   mv        Move or rename a file, a directory, or a symlink\n   restore   Restore working tree files\n   rm        Remove files from the working tree and from the index\n\nexamine the history and state (see also: git help revisions)\n   bisect    Use binary search to find the commit that introduced a bug\n   diff      Show changes between commits, commit and working tree, etc\n   grep      Print lines matching a pattern\n   log       Show commit logs\n   show      Show various types of objects\n   status    Show the working tree status\n\ngrow, mark and tweak your common history\n   branch    List, create, or delete branches\n   commit    Record changes to the repository\n   merge     Join two or more development histories together\n   rebase    Reapply commits on top of another base tip\n   reset     Reset current HEAD to the specified state\n   switch    Switch branches\n   tag       Create, list, delete or verify a tag object signed with GPG\n\ncollaborate (see also: git help workflows)\n   fetch     Download objects and refs from another repository\n   pull      Fetch from and integrate with another repository or a local branch\n   push      Update remote refs along with associated objects\n\n'git help -a' and 'git help -g' list available subcommands and some\nconcept guides. See 'git help <command>' or 'git help <concept>'\nto read about a specific subcommand or concept.\nSee 'git help git' for an overview of the system.\n""
[0m20:02:21.420253 [debug] [MainThread]: STDERR: "b''"
[0m20:02:21.420621 [info ] [MainThread]:  - git [[32mOK found[0m]

[0m20:02:21.420965 [info ] [MainThread]: Connection:
[0m20:02:21.421481 [info ] [MainThread]:   method: service-account
[0m20:02:21.421905 [info ] [MainThread]:   database: de-zoomcamp-project-455400
[0m20:02:21.422307 [info ] [MainThread]:   execution_project: de-zoomcamp-project-455400
[0m20:02:21.422821 [info ] [MainThread]:   schema: citibike_dataset
[0m20:02:21.423251 [info ] [MainThread]:   location: US
[0m20:02:21.423581 [info ] [MainThread]:   priority: interactive
[0m20:02:21.423923 [info ] [MainThread]:   maximum_bytes_billed: None
[0m20:02:21.424269 [info ] [MainThread]:   impersonate_service_account: None
[0m20:02:21.424590 [info ] [MainThread]:   job_retry_deadline_seconds: None
[0m20:02:21.424933 [info ] [MainThread]:   job_retries: 1
[0m20:02:21.425299 [info ] [MainThread]:   job_creation_timeout_seconds: None
[0m20:02:21.425625 [info ] [MainThread]:   job_execution_timeout_seconds: 300
[0m20:02:21.425961 [info ] [MainThread]:   timeout_seconds: 300
[0m20:02:21.426278 [info ] [MainThread]:   client_id: None
[0m20:02:21.426620 [info ] [MainThread]:   token_uri: None
[0m20:02:21.426943 [info ] [MainThread]:   dataproc_region: None
[0m20:02:21.427264 [info ] [MainThread]:   dataproc_cluster_name: None
[0m20:02:21.427574 [info ] [MainThread]:   gcs_bucket: None
[0m20:02:21.427873 [info ] [MainThread]:   dataproc_batch: None
[0m20:02:21.428434 [info ] [MainThread]: Registered adapter: bigquery=1.9.1
[0m20:02:21.554307 [debug] [MainThread]: Acquiring new bigquery connection 'debug'
[0m20:02:21.554818 [debug] [MainThread]: On debug: select 1 as id
[0m20:02:21.555345 [debug] [MainThread]: Opening a new connection, currently in state init
[0m20:02:22.568242 [debug] [MainThread]: BigQuery adapter: https://console.cloud.google.com/bigquery?project=de-zoomcamp-project-455400&j=bq:US:3be76eec-b2b2-428f-ab89-7eeff201f4d4&page=queryresults
[0m20:02:23.163666 [info ] [MainThread]:   Connection test: [[32mOK connection ok[0m]

[0m20:02:23.164618 [info ] [MainThread]: [31m1 check failed:[0m
[0m20:02:23.165004 [info ] [MainThread]: Project loading failed for the following reason:
 project path </home/dduke/GitHub/de-zoomcamp-project/dbt/dbt_project.yml> not found

[0m20:02:23.166273 [debug] [MainThread]: Resource report: {"command_name": "debug", "command_success": false, "command_wall_clock_time": 2.5410886, "process_in_blocks": "4592", "process_kernel_time": 0.388573, "process_mem_max_rss": "213088", "process_out_blocks": "16", "process_user_time": 3.732352}
[0m20:02:23.166793 [debug] [MainThread]: Command `dbt debug` failed at 20:02:23.166695 after 2.54 seconds
[0m20:02:23.167175 [debug] [MainThread]: Connection 'debug' was properly closed.
[0m20:02:23.167623 [debug] [MainThread]: Sending event: {'category': 'dbt', 'action': 'invocation', 'label': 'end', 'context': [<snowplow_tracker.self_describing_json.SelfDescribingJson object at 0x7f87c5783580>, <snowplow_tracker.self_describing_json.SelfDescribingJson object at 0x7f8790ab88e0>, <snowplow_tracker.self_describing_json.SelfDescribingJson object at 0x7f8790abb7f0>]}
[0m20:02:23.168065 [debug] [MainThread]: Flushing usage events
[0m20:02:23.307764 [debug] [MainThread]: An error was encountered while trying to flush usage events
